-------------------------------------------------------------------------------
Test set: TestSuite
-------------------------------------------------------------------------------
Tests run: 2, Failures: 1, Errors: 0, Skipped: 0, Time elapsed: 3.824 s <<< FAILURE! - in TestSuite
m(com.seleniumdemo.TestDemo)  Time elapsed: 0.034 s  <<< FAILURE!
java.lang.AssertionError: expected [Avi] but found [Avi1]
	at com.seleniumdemo.TestDemo.m(TestDemo.java:12)

